[2025-05-11T18:00:12.124+0100] {taskinstance.py:1956} INFO - Dependencies all met for dep_context=non-requeueable deps ti=<TaskInstance: Google_map.extract_data_task manual__2025-05-11T17:00:07.292955+00:00 [queued]>
[2025-05-11T18:00:12.152+0100] {taskinstance.py:1956} INFO - Dependencies all met for dep_context=requeueable deps ti=<TaskInstance: Google_map.extract_data_task manual__2025-05-11T17:00:07.292955+00:00 [queued]>
[2025-05-11T18:00:12.153+0100] {taskinstance.py:2170} INFO - Starting attempt 1 of 2
[2025-05-11T18:00:12.281+0100] {taskinstance.py:2191} INFO - Executing <Task(PythonOperator): extract_data_task> on 2025-05-11 17:00:07.292955+00:00
[2025-05-11T18:00:12.299+0100] {standard_task_runner.py:60} INFO - Started process 2967 to run task
[2025-05-11T18:00:12.309+0100] {standard_task_runner.py:87} INFO - Running: ['airflow', 'tasks', 'run', 'Google_map', 'extract_data_task', 'manual__2025-05-11T17:00:07.292955+00:00', '--job-id', '312', '--raw', '--subdir', 'DAGS_FOLDER/google_map_dag_etl.py', '--cfg-path', '/tmp/tmpjf6yhs0i']
[2025-05-11T18:00:12.317+0100] {standard_task_runner.py:88} INFO - Job 312: Subtask extract_data_task
[2025-05-11T18:00:12.626+0100] {task_command.py:423} INFO - Running <TaskInstance: Google_map.extract_data_task manual__2025-05-11T17:00:07.292955+00:00 [running]> on host DESKTOP-AVAHALM.
[2025-05-11T18:00:13.233+0100] {taskinstance.py:2480} INFO - Exporting env vars: AIRFLOW_CTX_DAG_OWNER='master_m2si' AIRFLOW_CTX_DAG_ID='Google_map' AIRFLOW_CTX_TASK_ID='extract_data_task' AIRFLOW_CTX_EXECUTION_DATE='2025-05-11T17:00:07.292955+00:00' AIRFLOW_CTX_TRY_NUMBER='1' AIRFLOW_CTX_DAG_RUN_ID='manual__2025-05-11T17:00:07.292955+00:00'
[2025-05-11T18:00:17.433+0100] {logger.py:11} INFO - ====== WebDriver manager ======
[2025-05-11T18:00:19.382+0100] {logger.py:11} INFO - Get LATEST chromedriver version for google-chrome
[2025-05-11T18:00:19.699+0100] {logger.py:11} INFO - Get LATEST chromedriver version for google-chrome
[2025-05-11T18:00:19.885+0100] {logger.py:11} INFO - Get LATEST chromedriver version for google-chrome
[2025-05-11T18:00:20.526+0100] {logger.py:11} INFO - WebDriver version 134.0.6998.165 selected
[2025-05-11T18:00:20.558+0100] {logger.py:11} INFO - Modern chrome version https://storage.googleapis.com/chrome-for-testing-public/134.0.6998.165/linux64/chromedriver-linux64.zip
[2025-05-11T18:00:20.560+0100] {logger.py:11} INFO - About to download new driver from https://storage.googleapis.com/chrome-for-testing-public/134.0.6998.165/linux64/chromedriver-linux64.zip
[2025-05-11T18:00:20.945+0100] {logger.py:11} INFO - Driver downloading response is 200
[2025-05-11T18:00:21.582+0100] {logger.py:11} INFO - Get LATEST chromedriver version for google-chrome
[2025-05-11T18:00:22.523+0100] {logger.py:11} INFO - Driver has been saved in cache [/home/nord/.wdm/drivers/chromedriver/linux64/134.0.6998.165]
[2025-05-11T18:01:24.004+0100] {taskinstance.py:2698} ERROR - Task failed with exception
Traceback (most recent call last):
  File "/home/nord/venv/lib/python3.8/site-packages/airflow/models/taskinstance.py", line 433, in _execute_task
    result = execute_callable(context=context, **execute_callable_kwargs)
  File "/home/nord/venv/lib/python3.8/site-packages/airflow/operators/python.py", line 199, in execute
    return_value = self.execute_callable()
  File "/home/nord/venv/lib/python3.8/site-packages/airflow/operators/python.py", line 216, in execute_callable
    return self.python_callable(*self.op_args, **self.op_kwargs)
  File "/home/nord/airflow/dags/google_map_dag_etl.py", line 33, in <lambda>
    python_callable=lambda: __import__('main_scraping_script').main(),
  File "/home/nord/airflow/dags/main_scraping_script.py", line 133, in main
    driver = initialize_driver()
  File "/home/nord/airflow/dags/main_scraping_script.py", line 22, in initialize_driver
    return webdriver.Chrome(service=service, options=options)
  File "/home/nord/venv/lib/python3.8/site-packages/selenium/webdriver/chrome/webdriver.py", line 45, in __init__
    super().__init__(
  File "/home/nord/venv/lib/python3.8/site-packages/selenium/webdriver/chromium/webdriver.py", line 66, in __init__
    super().__init__(command_executor=executor, options=options)
  File "/home/nord/venv/lib/python3.8/site-packages/selenium/webdriver/remote/webdriver.py", line 241, in __init__
    self.start_session(capabilities)
  File "/home/nord/venv/lib/python3.8/site-packages/selenium/webdriver/remote/webdriver.py", line 329, in start_session
    response = self.execute(Command.NEW_SESSION, caps)["value"]
  File "/home/nord/venv/lib/python3.8/site-packages/selenium/webdriver/remote/webdriver.py", line 384, in execute
    self.error_handler.check_response(response)
  File "/home/nord/venv/lib/python3.8/site-packages/selenium/webdriver/remote/errorhandler.py", line 232, in check_response
    raise exception_class(message, screen, stacktrace)
selenium.common.exceptions.SessionNotCreatedException: Message: session not created: DevToolsActivePort file doesn't exist
Stacktrace:
#0 0x55a7ee936ffa <unknown>
#1 0x55a7ee3f5970 <unknown>
#2 0x55a7ee4348e8 <unknown>
#3 0x55a7ee42fdca <unknown>
#4 0x55a7ee42b18f <unknown>
#5 0x55a7ee47bbd9 <unknown>
#6 0x55a7ee47b106 <unknown>
#7 0x55a7ee46d063 <unknown>
#8 0x55a7ee439328 <unknown>
#9 0x55a7ee43a491 <unknown>
#10 0x55a7ee8fe42b <unknown>
#11 0x55a7ee9022ec <unknown>
#12 0x55a7ee8e5a22 <unknown>
#13 0x55a7ee902e64 <unknown>
#14 0x55a7ee8c9bef <unknown>
#15 0x55a7ee925558 <unknown>
#16 0x55a7ee925736 <unknown>
#17 0x55a7ee935e76 <unknown>
#18 0x7fa39c9ea609 start_thread

[2025-05-11T18:01:24.248+0100] {taskinstance.py:1138} INFO - Marking task as UP_FOR_RETRY. dag_id=Google_map, task_id=extract_data_task, execution_date=20250511T170007, start_date=20250511T170012, end_date=20250511T170124
[2025-05-11T18:01:24.399+0100] {standard_task_runner.py:107} ERROR - Failed to execute job 312 for task extract_data_task (Message: session not created: DevToolsActivePort file doesn't exist
Stacktrace:
#0 0x55a7ee936ffa <unknown>
#1 0x55a7ee3f5970 <unknown>
#2 0x55a7ee4348e8 <unknown>
#3 0x55a7ee42fdca <unknown>
#4 0x55a7ee42b18f <unknown>
#5 0x55a7ee47bbd9 <unknown>
#6 0x55a7ee47b106 <unknown>
#7 0x55a7ee46d063 <unknown>
#8 0x55a7ee439328 <unknown>
#9 0x55a7ee43a491 <unknown>
#10 0x55a7ee8fe42b <unknown>
#11 0x55a7ee9022ec <unknown>
#12 0x55a7ee8e5a22 <unknown>
#13 0x55a7ee902e64 <unknown>
#14 0x55a7ee8c9bef <unknown>
#15 0x55a7ee925558 <unknown>
#16 0x55a7ee925736 <unknown>
#17 0x55a7ee935e76 <unknown>
#18 0x7fa39c9ea609 start_thread
; 2967)
[2025-05-11T18:01:24.464+0100] {local_task_job_runner.py:234} INFO - Task exited with return code 1
[2025-05-11T18:01:24.750+0100] {taskinstance.py:3280} INFO - 0 downstream tasks scheduled from follow-on schedule check
