[2025-03-15T16:01:16.577+0000] {taskinstance.py:1956} INFO - Dependencies all met for dep_context=non-requeueable deps ti=<TaskInstance: Google_map.extract_data_task manual__2025-03-15T15:55:06.054403+00:00 [queued]>
[2025-03-15T16:01:16.592+0000] {taskinstance.py:1956} INFO - Dependencies all met for dep_context=requeueable deps ti=<TaskInstance: Google_map.extract_data_task manual__2025-03-15T15:55:06.054403+00:00 [queued]>
[2025-03-15T16:01:16.593+0000] {taskinstance.py:2170} INFO - Starting attempt 3 of 4
[2025-03-15T16:01:16.623+0000] {taskinstance.py:2191} INFO - Executing <Task(PythonOperator): extract_data_task> on 2025-03-15 15:55:06.054403+00:00
[2025-03-15T16:01:16.628+0000] {standard_task_runner.py:60} INFO - Started process 21978 to run task
[2025-03-15T16:01:16.634+0000] {standard_task_runner.py:87} INFO - Running: ['airflow', 'tasks', 'run', 'Google_map', 'extract_data_task', 'manual__2025-03-15T15:55:06.054403+00:00', '--job-id', '71', '--raw', '--subdir', 'DAGS_FOLDER/google_map_dag_etl.py', '--cfg-path', '/tmp/tmpxshs3on_']
[2025-03-15T16:01:16.637+0000] {standard_task_runner.py:88} INFO - Job 71: Subtask extract_data_task
[2025-03-15T16:01:16.724+0000] {task_command.py:423} INFO - Running <TaskInstance: Google_map.extract_data_task manual__2025-03-15T15:55:06.054403+00:00 [running]> on host DESKTOP-AVAHALM.
[2025-03-15T16:01:16.835+0000] {taskinstance.py:2480} INFO - Exporting env vars: AIRFLOW_CTX_DAG_OWNER='master_m2si' AIRFLOW_CTX_DAG_ID='Google_map' AIRFLOW_CTX_TASK_ID='extract_data_task' AIRFLOW_CTX_EXECUTION_DATE='2025-03-15T15:55:06.054403+00:00' AIRFLOW_CTX_TRY_NUMBER='3' AIRFLOW_CTX_DAG_RUN_ID='manual__2025-03-15T15:55:06.054403+00:00'
[2025-03-15T16:01:17.053+0000] {logger.py:11} INFO - ====== WebDriver manager ======
[2025-03-15T16:01:17.629+0000] {logger.py:11} INFO - Get LATEST chromedriver version for google-chrome
[2025-03-15T16:01:18.026+0000] {logger.py:11} INFO - About to download new driver from https://chromedriver.storage.googleapis.com/114.0.5735.90/chromedriver_linux64.zip
[2025-03-15T16:01:18.233+0000] {logger.py:11} INFO - Driver downloading response is 200
[2025-03-15T16:01:24.851+0000] {logger.py:11} INFO - Get LATEST chromedriver version for google-chrome
[2025-03-15T16:01:25.450+0000] {logger.py:11} INFO - Get LATEST chromedriver version for google-chrome
[2025-03-15T16:01:26.686+0000] {logger.py:11} INFO - Driver has been saved in cache [/home/nord/.wdm/drivers/chromedriver/linux64/114.0.5735.90]
[2025-03-15T16:01:26.724+0000] {taskinstance.py:2698} ERROR - Task failed with exception
Traceback (most recent call last):
  File "/home/nord/venv/lib/python3.8/site-packages/airflow/models/taskinstance.py", line 433, in _execute_task
    result = execute_callable(context=context, **execute_callable_kwargs)
  File "/home/nord/venv/lib/python3.8/site-packages/airflow/operators/python.py", line 199, in execute
    return_value = self.execute_callable()
  File "/home/nord/venv/lib/python3.8/site-packages/airflow/operators/python.py", line 216, in execute_callable
    return self.python_callable(*self.op_args, **self.op_kwargs)
  File "/home/nord/airflow/dags/google_map_dag_etl.py", line 120, in <lambda>
    python_callable=lambda: __import__('mini_scraping').main()
  File "/home/nord/airflow/dags/mini_scraping.py", line 132, in main
    driver = initialize_driver()
  File "/home/nord/airflow/dags/mini_scraping.py", line 22, in initialize_driver
    return webdriver.Chrome(service=service, options=options)
  File "/home/nord/venv/lib/python3.8/site-packages/selenium/webdriver/chrome/webdriver.py", line 45, in __init__
    super().__init__(
  File "/home/nord/venv/lib/python3.8/site-packages/selenium/webdriver/chromium/webdriver.py", line 66, in __init__
    super().__init__(command_executor=executor, options=options)
  File "/home/nord/venv/lib/python3.8/site-packages/selenium/webdriver/remote/webdriver.py", line 241, in __init__
    self.start_session(capabilities)
  File "/home/nord/venv/lib/python3.8/site-packages/selenium/webdriver/remote/webdriver.py", line 329, in start_session
    response = self.execute(Command.NEW_SESSION, caps)["value"]
  File "/home/nord/venv/lib/python3.8/site-packages/selenium/webdriver/remote/webdriver.py", line 384, in execute
    self.error_handler.check_response(response)
  File "/home/nord/venv/lib/python3.8/site-packages/selenium/webdriver/remote/errorhandler.py", line 232, in check_response
    raise exception_class(message, screen, stacktrace)
selenium.common.exceptions.WebDriverException: Message: unknown error: no chrome binary at /usr/bin/google-chrome-stable
Stacktrace:
#0 0x5593d799d4e3 <unknown>
#1 0x5593d76ccc76 <unknown>
#2 0x5593d76f35e0 <unknown>
#3 0x5593d76f2029 <unknown>
#4 0x5593d7730ccc <unknown>
#5 0x5593d773047f <unknown>
#6 0x5593d7727de3 <unknown>
#7 0x5593d76fd2dd <unknown>
#8 0x5593d76fe34e <unknown>
#9 0x5593d795d3e4 <unknown>
#10 0x5593d79613d7 <unknown>
#11 0x5593d796bb20 <unknown>
#12 0x5593d7962023 <unknown>
#13 0x5593d79301aa <unknown>
#14 0x5593d79866b8 <unknown>
#15 0x5593d7986847 <unknown>
#16 0x5593d7996243 <unknown>
#17 0x7f30505b4609 start_thread

[2025-03-15T16:01:26.745+0000] {taskinstance.py:1138} INFO - Marking task as UP_FOR_RETRY. dag_id=Google_map, task_id=extract_data_task, execution_date=20250315T155506, start_date=20250315T160116, end_date=20250315T160126
[2025-03-15T16:01:26.768+0000] {standard_task_runner.py:107} ERROR - Failed to execute job 71 for task extract_data_task (Message: unknown error: no chrome binary at /usr/bin/google-chrome-stable
Stacktrace:
#0 0x5593d799d4e3 <unknown>
#1 0x5593d76ccc76 <unknown>
#2 0x5593d76f35e0 <unknown>
#3 0x5593d76f2029 <unknown>
#4 0x5593d7730ccc <unknown>
#5 0x5593d773047f <unknown>
#6 0x5593d7727de3 <unknown>
#7 0x5593d76fd2dd <unknown>
#8 0x5593d76fe34e <unknown>
#9 0x5593d795d3e4 <unknown>
#10 0x5593d79613d7 <unknown>
#11 0x5593d796bb20 <unknown>
#12 0x5593d7962023 <unknown>
#13 0x5593d79301aa <unknown>
#14 0x5593d79866b8 <unknown>
#15 0x5593d7986847 <unknown>
#16 0x5593d7996243 <unknown>
#17 0x7f30505b4609 start_thread
; 21978)
[2025-03-15T16:01:26.799+0000] {local_task_job_runner.py:234} INFO - Task exited with return code 1
[2025-03-15T16:01:26.871+0000] {taskinstance.py:3280} INFO - 0 downstream tasks scheduled from follow-on schedule check
