[2025-03-16T15:37:56.181+0000] {taskinstance.py:1956} INFO - Dependencies all met for dep_context=non-requeueable deps ti=<TaskInstance: Google_map.transform_data_phase_1_task manual__2025-03-16T15:37:50.251721+00:00 [queued]>
[2025-03-16T15:37:56.233+0000] {taskinstance.py:1956} INFO - Dependencies all met for dep_context=requeueable deps ti=<TaskInstance: Google_map.transform_data_phase_1_task manual__2025-03-16T15:37:50.251721+00:00 [queued]>
[2025-03-16T15:37:56.234+0000] {taskinstance.py:2170} INFO - Starting attempt 1 of 2
[2025-03-16T15:37:56.348+0000] {taskinstance.py:2191} INFO - Executing <Task(BashOperator): transform_data_phase_1_task> on 2025-03-16 15:37:50.251721+00:00
[2025-03-16T15:37:56.394+0000] {standard_task_runner.py:60} INFO - Started process 65750 to run task
[2025-03-16T15:37:56.425+0000] {standard_task_runner.py:87} INFO - Running: ['airflow', 'tasks', 'run', 'Google_map', 'transform_data_phase_1_task', 'manual__2025-03-16T15:37:50.251721+00:00', '--job-id', '116', '--raw', '--subdir', 'DAGS_FOLDER/google_map_dag_etl.py', '--cfg-path', '/tmp/tmpb1un5ycn']
[2025-03-16T15:37:56.429+0000] {standard_task_runner.py:88} INFO - Job 116: Subtask transform_data_phase_1_task
[2025-03-16T15:37:56.822+0000] {task_command.py:423} INFO - Running <TaskInstance: Google_map.transform_data_phase_1_task manual__2025-03-16T15:37:50.251721+00:00 [running]> on host DESKTOP-AVAHALM.
[2025-03-16T15:37:57.143+0000] {taskinstance.py:2480} INFO - Exporting env vars: AIRFLOW_CTX_DAG_OWNER='master_m2si' AIRFLOW_CTX_DAG_ID='Google_map' AIRFLOW_CTX_TASK_ID='transform_data_phase_1_task' AIRFLOW_CTX_EXECUTION_DATE='2025-03-16T15:37:50.251721+00:00' AIRFLOW_CTX_TRY_NUMBER='1' AIRFLOW_CTX_DAG_RUN_ID='manual__2025-03-16T15:37:50.251721+00:00'
[2025-03-16T15:37:57.147+0000] {subprocess.py:63} INFO - Tmp dir root location: /tmp
[2025-03-16T15:37:57.148+0000] {subprocess.py:75} INFO - Running command: ['/usr/bin/bash', '-c', 'cd ~/data_warehouse_project && dbt run --profiles-dir ~/.dbt/profiles.yml --models remove_duplicates normalize_text handle_missing_values convert_rating']
[2025-03-16T15:37:57.167+0000] {subprocess.py:86} INFO - Output:
[2025-03-16T15:38:04.168+0000] {subprocess.py:93} INFO - [0m15:38:04  Running with dbt=1.9.0-b2
[2025-03-16T15:38:04.180+0000] {subprocess.py:93} INFO - [0m15:38:04  Encountered an error:
[2025-03-16T15:38:04.180+0000] {subprocess.py:93} INFO - Runtime Error
[2025-03-16T15:38:04.180+0000] {subprocess.py:93} INFO -   Could not find profile named 'data_warehouse_project'
[2025-03-16T15:38:05.774+0000] {subprocess.py:97} INFO - Command exited with return code 2
[2025-03-16T15:38:05.811+0000] {taskinstance.py:2698} ERROR - Task failed with exception
Traceback (most recent call last):
  File "/home/nord/venv/lib/python3.8/site-packages/airflow/models/taskinstance.py", line 433, in _execute_task
    result = execute_callable(context=context, **execute_callable_kwargs)
  File "/home/nord/venv/lib/python3.8/site-packages/airflow/operators/bash.py", line 212, in execute
    raise AirflowException(
airflow.exceptions.AirflowException: Bash command failed. The command returned a non-zero exit code 2.
[2025-03-16T15:38:05.819+0000] {taskinstance.py:1138} INFO - Marking task as UP_FOR_RETRY. dag_id=Google_map, task_id=transform_data_phase_1_task, execution_date=20250316T153750, start_date=20250316T153756, end_date=20250316T153805
[2025-03-16T15:38:05.855+0000] {standard_task_runner.py:107} ERROR - Failed to execute job 116 for task transform_data_phase_1_task (Bash command failed. The command returned a non-zero exit code 2.; 65750)
[2025-03-16T15:38:05.901+0000] {local_task_job_runner.py:234} INFO - Task exited with return code 1
[2025-03-16T15:38:05.961+0000] {taskinstance.py:3280} INFO - 0 downstream tasks scheduled from follow-on schedule check
